<?xml version="1.0" encoding="UTF-8"?>
<!-- Generated by org.testng.reporters.JUnitXMLReporter -->
<testsuite ignored="0" hostname="SYMLPT03" failures="1" tests="1" name="Validationg the title" time="63.241" errors="0" timestamp="2022-07-11T13:21:33 IST">
  <testcase classname="Academy.validateTitle" name="titleBar" time="0.343">
    <failure type="java.lang.AssertionError" message="expected [Featured cources123] but found [FEATURED COURSES]">
      <![CDATA[java.lang.AssertionError: expected [Featured cources123] but found [FEATURED COURSES]
at Academy.validateTitle.titleBar(validateTitle.java:40)
at java.base/java.util.ArrayList.forEach(ArrayList.java:1511)
at java.base/java.util.concurrent.FutureTask.run(FutureTask.java:264)
at java.base/java.util.concurrent.ThreadPoolExecutor.runWorker(ThreadPoolExecutor.java:1136)
at java.base/java.util.concurrent.ThreadPoolExecutor$Worker.run(ThreadPoolExecutor.java:635)
at java.base/java.lang.Thread.run(Thread.java:833)
... Removed 23 stack frames]]>
    </failure>
  </testcase> <!-- titleBar -->
</testsuite> <!-- Validationg the title -->
