<?xml version="1.0" encoding="UTF-8"?>
<!-- Generated by org.testng.reporters.JUnitXMLReporter -->
<testsuite ignored="0" hostname="SYMLPT03" failures="1" tests="2" name="Validationg the title" time="98.852" errors="0" timestamp="2022-07-17T15:11:37 IST">
  <testcase classname="Academy.validateTitle" name="titleBar" time="1.088">
    <failure type="java.lang.AssertionError" message="expected [Featured cources123] but found [FEATURED COURSES]">
      <![CDATA[java.lang.AssertionError: expected [Featured cources123] but found [FEATURED COURSES]
at Academy.validateTitle.titleBar(validateTitle.java:42)
at java.base/java.util.ArrayList.forEach(ArrayList.java:1511)
at java.base/java.util.concurrent.FutureTask.run(FutureTask.java:264)
at java.base/java.util.concurrent.ThreadPoolExecutor.runWorker(ThreadPoolExecutor.java:1136)
at java.base/java.util.concurrent.ThreadPoolExecutor$Worker.run(ThreadPoolExecutor.java:635)
at java.base/java.lang.Thread.run(Thread.java:833)
... Removed 23 stack frames]]>
    </failure>
  </testcase> <!-- titleBar -->
  <testcase classname="Academy.validateTitle" name="validateHeader" time="1.811"/>
</testsuite> <!-- Validationg the title -->
